<?xml version="1.0" encoding="UTF-8"?>
<!-- Generated by org.testng.reporters.JUnitReportReporter -->
<testsuite hostname="DESKTOP-J4AIRBB" failures="0" tests="1" name="GeneralStore.GeneralstoreAssignment" time="61.088" errors="0" timestamp="2022-08-19T15:33:03 IST" skipped="0">
  <testcase classname="GeneralStore.GeneralstoreAssignment" name="launchapp" time="61.088"/>
  <system-out/>
</testsuite> <!-- GeneralStore.GeneralstoreAssignment -->
