<?xml version="1.0" encoding="UTF-8"?>
<!-- Generated by org.testng.reporters.JUnitReportReporter -->
<testsuite hostname="DESKTOP-J4AIRBB" failures="0" tests="1" name="Telegram" time="33.945" errors="0" timestamp="2022-08-18T23:32:20 IST" skipped="0">
  <testcase classname="Telegram" name="telegramnetwork" time="33.945"/>
  <system-out/>
</testsuite> <!-- Telegram -->
