<?xml version="1.0" encoding="UTF-8"?>
<!-- Generated by org.testng.reporters.JUnitReportReporter -->
<testsuite hostname="DESKTOP-J4AIRBB" failures="0" tests="1" name="ApiDemos" time="30.763" errors="0" timestamp="2022-08-18T13:09:12 IST" skipped="0">
  <testcase classname="ApiDemos" name="launchapp" time="30.763"/>
  <system-out/>
</testsuite> <!-- ApiDemos -->
