<?xml version="1.0" encoding="UTF-8"?>
<!-- Generated by org.testng.reporters.JUnitReportReporter -->
<testsuite hostname="DESKTOP-J4AIRBB" failures="0" tests="1" name="Webapp" time="78.298" errors="0" timestamp="2022-08-20T13:03:24 IST" skipped="0">
  <testcase classname="Webapp" name="webApp" time="78.298"/>
  <system-out/>
</testsuite> <!-- Webapp -->
