<?xml version="1.0" encoding="UTF-8"?>
<!-- Generated by org.testng.reporters.JUnitReportReporter -->
<testsuite hostname="DESKTOP-J4AIRBB" failures="0" tests="1" name="Gmail" time="33.886" errors="0" timestamp="2022-08-18T23:15:42 IST" skipped="0">
  <testcase classname="Gmail" name="launchapp" time="33.886"/>
  <system-out/>
</testsuite> <!-- Gmail -->
