<?xml version="1.0" encoding="UTF-8"?>
<!-- Generated by org.testng.reporters.JUnitReportReporter -->
<testsuite hostname="DESKTOP-J4AIRBB" failures="0" tests="1" name="Uninstall" time="18.864" errors="0" timestamp="2022-08-17T17:22:23 IST" skipped="0">
  <testcase classname="Uninstall" name="uninstallapp" time="18.864"/>
  <system-out/>
</testsuite> <!-- Uninstall -->
