<?xml version="1.0" encoding="UTF-8"?>
<!-- Generated by org.testng.reporters.JUnitReportReporter -->
<testsuite hostname="DESKTOP-J4AIRBB" failures="0" tests="1" name="OrientationTest" time="20.151" errors="0" timestamp="2022-08-18T15:19:43 IST" skipped="0">
  <testcase classname="OrientationTest" name="launchapp" time="20.151"/>
  <system-out/>
</testsuite> <!-- OrientationTest -->
