<?xml version="1.0" encoding="UTF-8"?>
<!-- Generated by org.testng.reporters.JUnitReportReporter -->
<testsuite hostname="DESKTOP-J4AIRBB" failures="0" tests="1" name="DragAndDrop" time="27.181" errors="0" timestamp="2022-08-18T16:45:43 IST" skipped="0">
  <testcase classname="DragAndDrop" name="launchapp" time="27.181"/>
  <system-out/>
</testsuite> <!-- DragAndDrop -->
