<?xml version="1.0" encoding="UTF-8"?>
<!-- Generated by org.testng.reporters.JUnitReportReporter -->
<testsuite hostname="DESKTOP-J4AIRBB" failures="0" tests="1" name="NetworkTest" time="21.207" errors="0" timestamp="2022-08-18T23:17:35 IST" skipped="0">
  <testcase classname="NetworkTest" name="launchapp" time="21.207"/>
  <system-out/>
</testsuite> <!-- NetworkTest -->
