<?xml version="1.0" encoding="UTF-8"?>
<!-- Generated by org.testng.reporters.JUnitReportReporter -->
<testsuite hostname="DESKTOP-J4AIRBB" failures="0" tests="1" name="Notification" time="25.398" errors="0" timestamp="2022-08-20T12:39:49 IST" skipped="0">
  <testcase classname="Notification" name="launchapp" time="25.398"/>
  <system-out/>
</testsuite> <!-- Notification -->
