<?xml version="1.0" encoding="UTF-8"?>
<!-- Generated by org.testng.reporters.JUnitReportReporter -->
<testsuite hostname="DESKTOP-J4AIRBB" failures="0" tests="1" name="LaunchApp" time="21.089" errors="0" timestamp="2022-08-17T16:24:20 IST" skipped="0">
  <testcase classname="LaunchApp" name="launchapp" time="21.089"/>
  <system-out/>
</testsuite> <!-- LaunchApp -->
