<?xml version="1.0" encoding="UTF-8"?>
<!-- Generated by org.testng.reporters.JUnitReportReporter -->
<testsuite hostname="DESKTOP-J4AIRBB" failures="0" tests="1" name="Calculator" time="20.765" errors="0" timestamp="2022-08-18T10:39:10 IST" skipped="0">
  <testcase classname="Calculator" name="calculator" time="20.765"/>
  <system-out/>
</testsuite> <!-- Calculator -->
