<?xml version="1.0" encoding="UTF-8"?>
<!-- Generated by org.testng.reporters.JUnitReportReporter -->
<testsuite hostname="DESKTOP-J4AIRBB" failures="0" tests="1" name="CalculatorTapAction" time="26.945" errors="0" timestamp="2022-08-18T10:57:34 IST" skipped="0">
  <testcase classname="CalculatorTapAction" name="calculator" time="26.945"/>
  <system-out/>
</testsuite> <!-- CalculatorTapAction -->
