<?xml version="1.0" encoding="UTF-8"?>
<!-- Generated by org.testng.reporters.JUnitReportReporter -->
<testsuite hostname="DESKTOP-J4AIRBB" failures="0" tests="1" name="Practice.Gmail" time="46.727" errors="0" timestamp="2022-08-25T10:49:55 IST" skipped="0">
  <testcase classname="Practice.Gmail" name="Gmailapp" time="46.727"/>
  <system-out/>
</testsuite> <!-- Practice.Gmail -->
